Release 13.4 - xst O.87xd (nt64)
Copyright (c) 1995-2011 Xilinx, Inc.  All rights reserved.
--> Parameter TMPDIR set to xst/projnav.tmp


Total REAL time to Xst completion: 0.00 secs
Total CPU time to Xst completion: 0.07 secs
 
--> Parameter xsthdpdir set to xst


Total REAL time to Xst completion: 0.00 secs
Total CPU time to Xst completion: 0.07 secs
 
--> Reading design: ual.prj

TABLE OF CONTENTS
  1) Synthesis Options Summary
  2) HDL Parsing
  3) HDL Elaboration
  4) HDL Synthesis
       4.1) HDL Synthesis Report
  5) Advanced HDL Synthesis
       5.1) Advanced HDL Synthesis Report
  6) Low Level Synthesis
  7) Partition Report
  8) Design Summary
       8.1) Primitive and Black Box Usage
       8.2) Device utilization summary
       8.3) Partition Resource Summary
       8.4) Timing Report
            8.4.1) Clock Information
            8.4.2) Asynchronous Control Signals Information
            8.4.3) Timing Summary
            8.4.4) Timing Details
            8.4.5) Cross Clock Domains Report


=========================================================================
*                      Synthesis Options Summary                        *
=========================================================================
---- Source Parameters
Input File Name                    : "ual.prj"
Ignore Synthesis Constraint File   : NO

---- Target Parameters
Output File Name                   : "ual"
Output Format                      : NGC
Target Device                      : xc6slx16-2-csg324

---- Source Options
Top Module Name                    : ual
Automatic FSM Extraction           : YES
FSM Encoding Algorithm             : Auto
Safe Implementation                : No
FSM Style                          : LUT
RAM Extraction                     : Yes
RAM Style                          : Auto
ROM Extraction                     : Yes
Shift Register Extraction          : YES
ROM Style                          : Auto
Resource Sharing                   : YES
Asynchronous To Synchronous        : NO
Shift Register Minimum Size        : 2
Use DSP Block                      : Auto
Automatic Register Balancing       : No

---- Target Options
LUT Combining                      : Auto
Reduce Control Sets                : Auto
Add IO Buffers                     : YES
Global Maximum Fanout              : 100000
Add Generic Clock Buffer(BUFG)     : 16
Register Duplication               : YES
Optimize Instantiated Primitives   : NO
Use Clock Enable                   : Auto
Use Synchronous Set                : Auto
Use Synchronous Reset              : Auto
Pack IO Registers into IOBs        : Auto
Equivalent register Removal        : YES

---- General Options
Optimization Goal                  : Speed
Optimization Effort                : 1
Power Reduction                    : NO
Keep Hierarchy                     : No
Netlist Hierarchy                  : As_Optimized
RTL Output                         : Yes
Global Optimization                : AllClockNets
Read Cores                         : YES
Write Timing Constraints           : NO
Cross Clock Analysis               : NO
Hierarchy Separator                : /
Bus Delimiter                      : <>
Case Specifier                     : Maintain
Slice Utilization Ratio            : 100
BRAM Utilization Ratio             : 100
DSP48 Utilization Ratio            : 100
Auto BRAM Packing                  : NO
Slice Utilization Ratio Delta      : 5

=========================================================================

INFO:Xst - Part-select index evaluated to out of bound value may lead to incorrect synthesis results; it is recommended not to use them in RTL

=========================================================================
*                          HDL Parsing                                  *
=========================================================================
Parsing VHDL file "D:\Documents\INSA\4A\compilateur\processeur\ual.vhd" into library work
Parsing entity <ual>.
Parsing architecture <Behavioral> of entity <ual>.

=========================================================================
*                            HDL Elaboration                            *
=========================================================================

Elaborating entity <ual> (architecture <Behavioral>) from library <work>.

=========================================================================
*                           HDL Synthesis                               *
=========================================================================

Synthesizing Unit <ual>.
    Related source file is "d:/documents/insa/4a/compilateur/processeur/ual.vhd".
    Found 8-bit register for signal <S>.
    Found 1-bit register for signal <C>.
    Found 1-bit register for signal <O>.
    Found 1-bit register for signal <N>.
    Found 1-bit register for signal <Z>.
    Found 16-bit register for signal <S_AUX>.
    Found 16-bit adder for signal <GND_5_o_GND_5_o_add_0_OUT> created at line 56.
    Found 16-bit subtractor for signal <GND_5_o_GND_5_o_sub_3_OUT<15:0>> created at line 76.
    Found 8x8-bit multiplier for signal <A[7]_B[7]_MuLt_1_OUT> created at line 65.
    Summary:
	inferred   1 Multiplier(s).
	inferred   1 Adder/Subtractor(s).
	inferred  28 D-type flip-flop(s).
	inferred  11 Multiplexer(s).
Unit <ual> synthesized.

=========================================================================
HDL Synthesis Report

Macro Statistics
# Multipliers                                          : 1
 8x8-bit multiplier                                    : 1
# Adders/Subtractors                                   : 1
 16-bit addsub                                         : 1
# Registers                                            : 6
 1-bit register                                        : 4
 16-bit register                                       : 1
 8-bit register                                        : 1
# Multiplexers                                         : 11
 1-bit 2-to-1 multiplexer                              : 5
 16-bit 2-to-1 multiplexer                             : 6

=========================================================================
INFO:Xst:1767 - HDL ADVISOR - Resource sharing has identified that some arithmetic operations in this design can share the same physical resources for reduced device utilization. For improved clock frequency you may try to disable resource sharing.

=========================================================================
*                       Advanced HDL Synthesis                          *
=========================================================================


=========================================================================
Advanced HDL Synthesis Report

Macro Statistics
# Multipliers                                          : 1
 8x8-bit multiplier                                    : 1
# Adders/Subtractors                                   : 1
 16-bit addsub                                         : 1
# Registers                                            : 28
 Flip-Flops                                            : 28
# Multiplexers                                         : 11
 1-bit 2-to-1 multiplexer                              : 5
 16-bit 2-to-1 multiplexer                             : 6

=========================================================================

=========================================================================
*                         Low Level Synthesis                           *
=========================================================================

Optimizing unit <ual> ...

Mapping all equations...
Building and optimizing final netlist ...
Found area constraint ratio of 100 (+ 5) on block ual, actual ratio is 0.

Final Macro Processing ...

=========================================================================
Final Register Report

Macro Statistics
# Registers                                            : 28
 Flip-Flops                                            : 28

=========================================================================

=========================================================================
*                           Partition Report                            *
=========================================================================

Partition Implementation Status
-------------------------------

  No Partitions were found in this design.

-------------------------------

=========================================================================
*                            Design Summary                             *
=========================================================================

Top Level Output File Name         : ual.ngc

Primitive and Black Box Usage:
------------------------------
# BELS                             : 70
#      GND                         : 1
#      INV                         : 1
#      LUT3                        : 16
#      LUT4                        : 8
#      LUT5                        : 9
#      LUT6                        : 3
#      MUXCY                       : 15
#      VCC                         : 1
#      XORCY                       : 16
# FlipFlops/Latches                : 28
#      FD                          : 2
#      FDE                         : 26
# Clock Buffers                    : 1
#      BUFGP                       : 1
# IO Buffers                       : 31
#      IBUF                        : 19
#      OBUF                        : 12
# DSPs                             : 1
#      DSP48A1                     : 1

Device utilization summary:
---------------------------

Selected Device : 6slx16csg324-2 


Slice Logic Utilization: 
 Number of Slice Registers:              28  out of  18224     0%  
 Number of Slice LUTs:                   37  out of   9112     0%  
    Number used as Logic:                37  out of   9112     0%  

Slice Logic Distribution: 
 Number of LUT Flip Flop pairs used:     62
   Number with an unused Flip Flop:      34  out of     62    54%  
   Number with an unused LUT:            25  out of     62    40%  
   Number of fully used LUT-FF pairs:     3  out of     62     4%  
   Number of unique control sets:         2

IO Utilization: 
 Number of IOs:                          32
 Number of bonded IOBs:                  32  out of    232    13%  

Specific Feature Utilization:
 Number of BUFG/BUFGCTRLs:                1  out of     16     6%  
 Number of DSP48A1s:                      1  out of     32     3%  

---------------------------
Partition Resource Summary:
---------------------------

  No Partitions were found in this design.

---------------------------


=========================================================================
Timing Report

NOTE: THESE TIMING NUMBERS ARE ONLY A SYNTHESIS ESTIMATE.
      FOR ACCURATE TIMING INFORMATION PLEASE REFER TO THE TRACE REPORT
      GENERATED AFTER PLACE-and-ROUTE.

Clock Information:
------------------
-----------------------------------+------------------------+-------+
Clock Signal                       | Clock buffer(FF name)  | Load  |
-----------------------------------+------------------------+-------+
CLK                                | BUFGP                  | 28    |
-----------------------------------+------------------------+-------+

Asynchronous Control Signals Information:
----------------------------------------
No asynchronous control signals found in this design

Timing Summary:
---------------
Speed Grade: -2

   Minimum period: 3.030ns (Maximum Frequency: 330.033MHz)
   Minimum input arrival time before clock: 8.102ns
   Maximum output required time after clock: 4.118ns
   Maximum combinational path delay: No path found

Timing Details:
---------------
All values displayed in nanoseconds (ns)

=========================================================================
Timing constraint: Default period analysis for Clock 'CLK'
  Clock period: 3.030ns (frequency: 330.033MHz)
  Total number of paths / destination ports: 27 / 12
-------------------------------------------------------------------------
Delay:               3.030ns (Levels of Logic = 2)
  Source:            S_AUX_11 (FF)
  Destination:       Z (FF)
  Source Clock:      CLK rising
  Destination Clock: CLK rising

  Data Path: S_AUX_11 to Z
                                Gate     Net
    Cell:in->out      fanout   Delay   Delay  Logical Name (Net Name)
    ----------------------------------------  ------------
     FDE:C->Q              1   0.525   1.137  S_AUX_11 (S_AUX_11)
     LUT6:I0->O            1   0.254   0.790  S_AUX[15]_GND_5_o_equal_8_o<15>2 (S_AUX[15]_GND_5_o_equal_8_o<15>1)
     LUT6:I4->O            1   0.250   0.000  Z_rstpot1 (Z_rstpot)
     FD:D                      0.074          Z
    ----------------------------------------
    Total                      3.030ns (1.103ns logic, 1.927ns route)
                                       (36.4% logic, 63.6% route)

=========================================================================
Timing constraint: Default OFFSET IN BEFORE for Clock 'CLK'
  Total number of paths / destination ports: 4948 / 44
-------------------------------------------------------------------------
Offset:              8.102ns (Levels of Logic = 19)
  Source:            A<7> (PAD)
  Destination:       S_AUX_15 (FF)
  Destination Clock: CLK rising

  Data Path: A<7> to S_AUX_15
                                Gate     Net
    Cell:in->out      fanout   Delay   Delay  Logical Name (Net Name)
    ----------------------------------------  ------------
     IBUF:I->O             4   1.328   0.803  A_7_IBUF (A_7_IBUF)
     DSP48A1:B7->M0        2   3.894   1.002  Mmult_A[7]_B[7]_MuLt_1_OUT (A[7]_B[7]_MuLt_1_OUT<0>)
     LUT5:I1->O            1   0.254   0.000  Mmux__n0074_rs_lut<0> (Mmux__n0074_rs_lut<0>)
     MUXCY:S->O            1   0.215   0.000  Mmux__n0074_rs_cy<0> (Mmux__n0074_rs_cy<0>)
     MUXCY:CI->O           1   0.023   0.000  Mmux__n0074_rs_cy<1> (Mmux__n0074_rs_cy<1>)
     MUXCY:CI->O           1   0.023   0.000  Mmux__n0074_rs_cy<2> (Mmux__n0074_rs_cy<2>)
     MUXCY:CI->O           1   0.023   0.000  Mmux__n0074_rs_cy<3> (Mmux__n0074_rs_cy<3>)
     MUXCY:CI->O           1   0.023   0.000  Mmux__n0074_rs_cy<4> (Mmux__n0074_rs_cy<4>)
     MUXCY:CI->O           1   0.023   0.000  Mmux__n0074_rs_cy<5> (Mmux__n0074_rs_cy<5>)
     MUXCY:CI->O           1   0.023   0.000  Mmux__n0074_rs_cy<6> (Mmux__n0074_rs_cy<6>)
     MUXCY:CI->O           1   0.023   0.000  Mmux__n0074_rs_cy<7> (Mmux__n0074_rs_cy<7>)
     MUXCY:CI->O           1   0.023   0.000  Mmux__n0074_rs_cy<8> (Mmux__n0074_rs_cy<8>)
     MUXCY:CI->O           1   0.023   0.000  Mmux__n0074_rs_cy<9> (Mmux__n0074_rs_cy<9>)
     MUXCY:CI->O           1   0.023   0.000  Mmux__n0074_rs_cy<10> (Mmux__n0074_rs_cy<10>)
     MUXCY:CI->O           1   0.023   0.000  Mmux__n0074_rs_cy<11> (Mmux__n0074_rs_cy<11>)
     MUXCY:CI->O           1   0.023   0.000  Mmux__n0074_rs_cy<12> (Mmux__n0074_rs_cy<12>)
     MUXCY:CI->O           1   0.023   0.000  Mmux__n0074_rs_cy<13> (Mmux__n0074_rs_cy<13>)
     MUXCY:CI->O           0   0.023   0.000  Mmux__n0074_rs_cy<14> (Mmux__n0074_rs_cy<14>)
     XORCY:CI->O           1   0.206   0.000  Mmux__n0074_rs_xor<15> (_n0074<15>)
     FDE:D                     0.074          S_AUX_15
    ----------------------------------------
    Total                      8.102ns (6.297ns logic, 1.805ns route)
                                       (77.7% logic, 22.3% route)

=========================================================================
Timing constraint: Default OFFSET OUT AFTER for Clock 'CLK'
  Total number of paths / destination ports: 12 / 12
-------------------------------------------------------------------------
Offset:              4.118ns (Levels of Logic = 1)
  Source:            S_7 (FF)
  Destination:       S<7> (PAD)
  Source Clock:      CLK rising

  Data Path: S_7 to S<7>
                                Gate     Net
    Cell:in->out      fanout   Delay   Delay  Logical Name (Net Name)
    ----------------------------------------  ------------
     FDE:C->Q              1   0.525   0.681  S_7 (S_7)
     OBUF:I->O                 2.912          S_7_OBUF (S<7>)
    ----------------------------------------
    Total                      4.118ns (3.437ns logic, 0.681ns route)
                                       (83.5% logic, 16.5% route)

=========================================================================

Cross Clock Domains Report:
--------------------------

Clock to Setup on destination clock CLK
---------------+---------+---------+---------+---------+
               | Src:Rise| Src:Fall| Src:Rise| Src:Fall|
Source Clock   |Dest:Rise|Dest:Rise|Dest:Fall|Dest:Fall|
---------------+---------+---------+---------+---------+
CLK            |    3.030|         |         |         |
---------------+---------+---------+---------+---------+

=========================================================================


Total REAL time to Xst completion: 5.00 secs
Total CPU time to Xst completion: 4.12 secs
 
--> 

Total memory usage is 4508560 kilobytes

Number of errors   :    0 (   0 filtered)
Number of warnings :    0 (   0 filtered)
Number of infos    :    2 (   0 filtered)

